C51 COMPILER V9.01   UART                                                                  08/28/2019 16:12:55 PAGE 1   


C51 COMPILER V9.01, COMPILATION OF MODULE UART
OBJECT MODULE PLACED IN ..\hex\uart.obj
COMPILER INVOKED BY: C:\Keil\C51\BIN\C51.EXE ..\user\uart.c BROWSE INCDIR(..\user) DEBUG OBJECTEXTEND PRINT(.\LIST\uart.
                    -lst) OBJECT(..\hex\uart.obj)

line level    source

   1          #include "uart.h"
   2          
   3          bit busy;
   4          uint8 dat,a;
   5          uint8 str[]={"Uart Test !\r\n"};
   6          
   7          void Uart1_Init()
   8          {
   9   1          SCON = 0x50;
  10   1          TMOD = 0x20;
  11   1          TL1 = BRT;
  12   1          TH1 = BRT;
  13   1          TR1 = 1;
  14   1          AUXR = 0x40;
  15   1          busy = 0;
  16   1      
  17   1              ES = 1;
  18   1              EA = 1;
  19   1      }
  20          
  21          void ISP_Check(unsigned char tmp)
  22          {
  23   1        unsigned char a;
  24   1              if(tmp==0xAA) 
  25   1              {
  26   2                       ES= 0;
  27   2                       a=0;
  28   2                      while(str[a]!= '\0')
  29   2                      {
  30   3                              SBUF = str[a];          //SUBF接受/发送缓冲器(又叫串行通信特殊功能寄存器)
  31   3                              while(!TI);                             // 等特数据传送 (TI发送中断标志)
  32   3                              TI = 0;                                 // 清除数据传送标志
  33   3                              
  34   3                              a++;                                        // 下一个字符
  35   3                      } 
  36   2                      
  37   2                      ES= 1;
  38   2               }
  39   1      } 
  40          
  41          void UartIsr() interrupt 4 using 1
  42          {
  43   1          if (TI)
  44   1          {
  45   2              TI = 0;
  46   2              busy = 0;
  47   2          }
  48   1          else if (RI)
  49   1          {
  50   2              RI = 0;
  51   2                      dat = SBUF;
  52   2                      ISP_Check(dat);
  53   2          }
  54   1      }
C51 COMPILER V9.01   UART                                                                  08/28/2019 16:12:55 PAGE 2   

  55          
  56          void UartSend(char dat)
  57          {
  58   1          while (busy);
  59   1          busy = 1;
  60   1          SBUF = dat;
  61   1      }
  62          
  63          void UartSendStr(char *p)
  64          {
  65   1          while (*p)
  66   1          {
  67   2              UartSend(*p++);
  68   2          }
  69   1      }
  70          
  71          void UART_Send_dat(uint32 dat)
  72          {
  73   1              uint8 val[4];
  74   1              dat = dat*10;
  75   1              val[0] = dat%10000/1000;
  76   1              val[1] = dat%1000/100;
  77   1              val[2] = dat%100/10;
  78   1              val[3] = dat%10;
  79   1      
  80   1              UartSend(val[0]+'0');
  81   1              UartSend(val[1]+'0');
  82   1              UartSend(val[2]+'0');
  83   1              UartSend(val[3]+'0');
  84   1      }
  85          
  86          void Uart_send_hex_to_txt(uint8 dat)
  87          {
  88   1              uint8 H_val,L_val;
  89   1      
  90   1              H_val = dat/16;
  91   1              if(H_val >= 10)
  92   1                       UartSend(H_val+0x37);
  93   1              else
  94   1                      UartSend(H_val+0x30);
  95   1      
  96   1              L_val = dat%16;
  97   1              if(L_val >= 10)
  98   1                      UartSend(L_val+0x37);
  99   1              else 
 100   1                      UartSend(L_val+0x30);
 101   1      
 102   1              UartSend(' ');
 103   1      }


MODULE INFORMATION:   STATIC OVERLAYABLE
   CODE SIZE        =    357    ----
   CONSTANT SIZE    =   ----    ----
   XDATA SIZE       =   ----    ----
   PDATA SIZE       =   ----    ----
   DATA SIZE        =     16      11
   IDATA SIZE       =   ----    ----
   BIT SIZE         =      1    ----
END OF MODULE INFORMATION.


C51 COMPILATION COMPLETE.  0 WARNING(S),  0 ERROR(S)
