C51 COMPILER V9.59.0.0   DELAY                                                             12/06/2022 16:17:09 PAGE 1   


C51 COMPILER V9.59.0.0, COMPILATION OF MODULE DELAY
OBJECT MODULE PLACED IN ..\hex\delay.obj
COMPILER INVOKED BY: C:\Keil_v5\C51\BIN\C51.EXE ..\user\delay.c OPTIMIZE(8,SPEED) BROWSE INCDIR(..\user) DEBUG OBJECTEXT
                    -END PRINT(.\LIST\delay.lst) TABS(2) OBJECT(..\hex\delay.obj)

line level    source

   1          /*                        -- 渡河蚂蚁电子工作室 --                        */
   2          /*
   3          *   说    明: STC8A8KS4A12 DEMO程序
   4          *   开发平台: STC15W408S     
   5          *   淘宝网店: 
   6          *
   7          //  文件名：main.c                                                              
   8          //  说明：供客户测试模块通信使用程序                                                                  
   9          //  编写人员：Duhemayi                                                                   
  10          //  编写日期：2018-09-16                                                               
  11          //  程序维护：
  12          //  维护记录：
  13          //  版    本: V1.0
  14          //                                                          
  15          // 免责声明：该程序仅用于学习与交流 
  16          // (c) Duhemayi Corporation. All rights reserved.     
  17          ******************************************************************************/
  18          #include "delay.h"
  19          
  20          
  21          /******************************************************************************/
  22          // 函数名称： 
  23          // 输入参数： 
  24          // 输出参数： 
  25          // 函数功能： 
  26          /******************************************************************************/
  27          void Delay100ms()   //@11.0592MHz
  28          {
  29   1        unsigned char i, j, k;
  30   1      
  31   1        _nop_();
  32   1        _nop_();
  33   1        i = 13;
  34   1        j = 45;
  35   1        k = 214;
  36   1        do
  37   1        {
  38   2          do
  39   2          {
  40   3            while (--k);
  41   3          } while (--j);
  42   2        } while (--i);
  43   1      }
  44          
  45          
  46          /******************************************************************************/
  47          // 函数名称： 
  48          // 输入参数： 
  49          // 输出参数： 
  50          // 函数功能： 
  51          /******************************************************************************/
  52          void Delay1us()   //@11.0592MHz
  53          {
  54   1        unsigned char i;
C51 COMPILER V9.59.0.0   DELAY                                                             12/06/2022 16:17:09 PAGE 2   

  55   1      
  56   1        _nop_();
  57   1        _nop_();
  58   1        i = 1;
  59   1        while (--i);
  60   1      }
  61          
  62          void Delay1ms()   //@11.0592MHz
  63          {
  64   1        unsigned char i, j;
  65   1      
  66   1        i = 15;
  67   1        j = 90;
  68   1        do
  69   1        {
  70   2          while (--j);
  71   2        } while (--i);
  72   1      }
  73          
  74          void Delay_nms(unsigned char n)
  75          {
  76   1        while(n--)
  77   1        {
  78   2          Delay1ms();
  79   2         }
  80   1      }
  81          
  82          void Delay140us()   //@11.0592MHz
  83          {
  84   1        unsigned char i, j;
  85   1      
  86   1        _nop_();
  87   1        i = 2;
  88   1        j = 0;
  89   1        do
  90   1        {
  91   2          while (--j);
  92   2        } while (--i);
  93   1      }
  94          


MODULE INFORMATION:   STATIC OVERLAYABLE
   CODE SIZE        =     55    ----
   CONSTANT SIZE    =   ----    ----
   XDATA SIZE       =   ----    ----
   PDATA SIZE       =   ----    ----
   DATA SIZE        =   ----    ----
   IDATA SIZE       =   ----    ----
   BIT SIZE         =   ----    ----
END OF MODULE INFORMATION.


C51 COMPILATION COMPLETE.  0 WARNING(S),  0 ERROR(S)
