C51 COMPILER V9.01   IO                                                                    08/27/2019 11:31:58 PAGE 1   


C51 COMPILER V9.01, COMPILATION OF MODULE IO
OBJECT MODULE PLACED IN ..\hex\IO.obj
COMPILER INVOKED BY: C:\Keil\C51\BIN\C51.EXE ..\user\IO.c BROWSE INCDIR(..\user) DEBUG OBJECTEXTEND PRINT(.\LIST\IO.lst)
                    - OBJECT(..\hex\IO.obj)

line level    source

   1          /*                        -- 渡河蚂蚁电子工作室 --                        */
   2          /*
   3          *   说    明: STC8A8KS4A12 DEMO程序
   4          *   开发平台: STC15W408S     
   5          *   淘宝网店: 
   6          *
   7          //  文件名：main.c                                                              
   8          //  说明：供客户测试模块通信使用程序                                                                  
   9          //  编写人员：Duhemayi                                                                   
  10          //  编写日期：2018-09-16                                                               
  11          //  程序维护：
  12          //  维护记录：
  13          //      版    本: V1.0
  14          //                                                          
  15          // 免责声明：该程序仅用于学习与交流 
  16          // (c) Duhemayi Corporation. All rights reserved.     
  17          ******************************************************************************/
  18          #include "io.h"
*** WARNING C318 IN LINE 28 OF ..\USER\CONFIG.H: can't open file 'max6675.h'
  19          
  20          
  21          void IO_MODE_SET(void)
  22          {
  23   1          P0M0 = 0x00;                                //设置P0.0~P0.7为双向口模式
  24   1          P0M1 = 0x00;
  25   1          P1M0 = 0xff;                                //设置P1.0~P1.7为推挽输出模式
  26   1          P1M1 = 0x00;
  27   1          P2M0 = 0x00;                                //设置P2.0~P2.7为高阻输入模式
  28   1          P2M1 = 0xff;
  29   1          P3M0 = 0xff;                                //设置P3.0~P3.7为开漏模式
  30   1          P3M1 = 0xff;
  31   1      }
  32            
  33          


MODULE INFORMATION:   STATIC OVERLAYABLE
   CODE SIZE        =     22    ----
   CONSTANT SIZE    =   ----    ----
   XDATA SIZE       =   ----    ----
   PDATA SIZE       =   ----    ----
   DATA SIZE        =   ----    ----
   IDATA SIZE       =   ----    ----
   BIT SIZE         =   ----    ----
END OF MODULE INFORMATION.


C51 COMPILATION COMPLETE.  1 WARNING(S),  0 ERROR(S)
